#
# There is insufficient memory for the Java Runtime Environment to continue.
# Native memory allocation (malloc) failed to allocate 1048576 bytes for AllocateHeap
# Possible reasons:
#   The system is out of physical RAM or swap space
#   The process is running with CompressedOops enabled, and the Java Heap may be blocking the growth of the native heap
# Possible solutions:
#   Reduce memory load on the system
#   Increase physical memory or swap space
#   Check if swap backing store is full
#   Decrease Java heap size (-Xmx/-Xms)
#   Decrease number of Java threads
#   Decrease Java thread stack sizes (-Xss)
#   Set larger code cache with -XX:ReservedCodeCacheSize=
#   JVM is running with Unscaled Compressed Oops mode in which the Java heap is
#     placed in the first 4GB address space. The Java Heap base address is the
#     maximum limit for the native heap growth. Please use -XX:HeapBaseMinAddress
#     to set the Java Heap base and to place the Java Heap above 4GB virtual address.
# This output file may be truncated or incomplete.
#
#  Out of Memory Error (t:/workspace/open/src/hotspot/share/memory/allocation.cpp:46), pid=15048, tid=20280
#
# JRE version: Java(TM) SE Runtime Environment (11.0.6+8) (build 11.0.6+8-LTS)
# Java VM: Java HotSpot(TM) 64-Bit Server VM (11.0.6+8-LTS, mixed mode, tiered, compressed oops, g1 gc, windows-amd64)
# No core dump will be written. Minidumps are not enabled by default on client versions of Windows
#

---------------  S U M M A R Y ------------

Command Line: -ea -Dapplication.properties=/application.properties -Dfile.encoding=Cp1252 org.testng.remote.RemoteTestNG -serport 56087 -protocol json -d C:\dev\eclipse-workspace\selenium-automation-dmitry\test-output C:\dev\eclipse-workspace\selenium-automation-dmitry\src\test\resources\testng.xml

Host: Intel(R) Core(TM) i3-4030U CPU @ 1.90GHz, 4 cores, 7G,  Windows 10 , 64 bit Build 18362 (10.0.18362.1082)
Time: Sun Sep 13 12:36:53 2020 Pacific Daylight Time elapsed time: 0 seconds (0d 0h 0m 0s)

---------------  T H R E A D  ---------------

Current thread (0x000001d4fe9ef000):  VMThread "VM Thread" [stack: 0x0000000fc7300000,0x0000000fc7400000] [id=20280]

Stack: [0x0000000fc7300000,0x0000000fc7400000]
[error occurred during error reporting (printing stack bounds), id 0xc0000005, EXCEPTION_ACCESS_VIOLATION (0xc0000005) at pc=0x000001d4ea9c0bad]

Native frames: (J=compiled Java code, j=interpreted, Vv=VM code, C=native code)
V  [jvm.dll+0x63679a]
V  [jvm.dll+0x7755bf]
V  [jvm.dll+0x776c65]
V  [jvm.dll+0x777235]
V  [jvm.dll+0x7771eb]
V  [jvm.dll+0x635e96]
V  [jvm.dll+0x636268]
C  [ntdll.dll+0xa11cf]
C  [ntdll.dll+0x6a209]
C  [ntdll.dll+0x9fe3e]
C  0x000001d4ea9c0bad

VM_Operation (0x0000000fc6dfbb90): CollectForMetadataAllocation, mode: safepoint, requested by thread 0x000001d4e2638000


---------------  P R O C E S S  ---------------

Threads class SMR info:
_java_thread_list=0x000001d4ff51aaa0, length=11, elements={
0x000001d4e2638000, 0x000001d4fe9f2000, 0x000001d4fe9f3000, 0x000001d4fea30800,
0x000001d4fea32800, 0x000001d4fea35000, 0x000001d4fea41000, 0x000001d4fea4e000,
0x000001d4ff50b800, 0x000001d4ff51d800, 0x000001d4ff628000
}

Java Threads: ( => current thread )
  0x000001d4e2638000 JavaThread "main" [_thread_blocked, id=19824, stack(0x0000000fc6d00000,0x0000000fc6e00000)]
  0x000001d4fe9f2000 JavaThread "Reference Handler" daemon [_thread_blocked, id=16876, stack(0x0000000fc7400000,0x0000000fc7500000)]
  0x000001d4fe9f3000 JavaThread "Finalizer" daemon [_thread_blocked, id=17572, stack(0x0000000fc7500000,0x0000000fc7600000)]
  0x000001d4fea30800 JavaThread "Signal Dispatcher" daemon [_thread_blocked, id=9868, stack(0x0000000fc7600000,0x0000000fc7700000)]
  0x000001d4fea32800 JavaThread "Attach Listener" daemon [_thread_blocked, id=26048, stack(0x0000000fc7700000,0x0000000fc7800000)]
  0x000001d4fea35000 JavaThread "C2 CompilerThread0" daemon [_thread_blocked, id=18056, stack(0x0000000fc7800000,0x0000000fc7900000)]
  0x000001d4fea41000 JavaThread "C1 CompilerThread0" daemon [_thread_blocked, id=17744, stack(0x0000000fc7900000,0x0000000fc7a00000)]
  0x000001d4fea4e000 JavaThread "Sweeper thread" daemon [_thread_blocked, id=5944, stack(0x0000000fc7a00000,0x0000000fc7b00000)]
  0x000001d4ff50b800 JavaThread "Service Thread" daemon [_thread_blocked, id=11824, stack(0x0000000fc7b00000,0x0000000fc7c00000)]
  0x000001d4ff51d800 JavaThread "Common-Cleaner" daemon [_thread_blocked, id=20240, stack(0x0000000fc7d00000,0x0000000fc7e00000)]
  0x000001d4ff628000 JavaThread "C2 CompilerThread1" daemon [_thread_blocked, id=2884, stack(0x0000000fc7e00000,0x0000000fc7f00000)]

Other Threads:
=>0x000001d4fe9ef000 VMThread "VM Thread" [stack: 0x0000000fc7300000,0x0000000fc7400000] [id=20280]
  0x000001d4ff513800 WatcherThread [stack: 0x0000000fc7c00000,0x0000000fc7d00000] [id=7028]
  0x000001d4e264f000 GCTaskThread "GC Thread#0" [stack: 0x0000000fc6e00000,0x0000000fc6f00000] [id=25344]
  0x000001d4ff77c000 GCTaskThread "GC Thread#1" [stack: 0x0000000fc7f00000,0x0000000fc8000000] [id=18484]
  0x000001d4ff77d000 GCTaskThread "GC Thread#2" [stack: 0x0000000fc8000000,0x0000000fc8100000] [id=11552]
  0x000001d4e2680000 ConcurrentGCThread "G1 Main Marker" [stack: 0x0000000fc6f00000,0x0000000fc7000000] [id=8864]
  0x000001d4e2682800 ConcurrentGCThread "G1 Conc#0" [stack: 0x0000000fc7000000,0x0000000fc7100000] [id=25668]
  0x000001d4e2708000 ConcurrentGCThread "G1 Refine#0" [stack: 0x0000000fc7100000,0x0000000fc7200000] [id=26404]
  0x000001d4fe861800 ConcurrentGCThread "G1 Young RemSet Sampling" [stack: 0x0000000fc7200000,0x0000000fc7300000] [id=20752]

Threads with active compile tasks:

VM state:at safepoint (normal execution)

VM Mutex/Monitor currently owned by a thread:  ([mutex/lock_event])
[0x000001d4e2637560] Threads_lock - owner thread: 0x000001d4fe9ef000
[0x000001d4e2636d80] Heap_lock - owner thread: 0x000001d4e2638000

Heap address: 0x0000000081600000, size: 2026 MB, Compressed Oops mode: 32-bit
Narrow klass base: 0x0000000000000000, Narrow klass shift: 3
Compressed class space size: 1073741824 Address: 0x0000000100000000

Heap:
 garbage-first heap   total 131072K, used 1017K [0x0000000081600000, 0x0000000100000000)
  region size 1024K, 1 young (1024K), 1 survivors (1024K)
 Metaspace       used 6951K, capacity 7018K, committed 7040K, reserved 1064960K
  class space    used 624K, capacity 635K, committed 640K, reserved 1048576K
Heap Regions: E=young(eden), S=young(survivor), O=old, HS=humongous(starts), HC=humongous(continues), CS=collection set, F=free, A=archive, TAMS=top-at-mark-start (previous, next)
|   0|0x0000000081600000, 0x0000000081600000, 0x0000000081700000|  0%| F|  |TAMS 0x0000000081600000, 0x0000000081600000| Untracked 
|   1|0x0000000081700000, 0x0000000081700000, 0x0000000081800000|  0%| F|  |TAMS 0x0000000081700000, 0x0000000081700000| Untracked 
|   2|0x0000000081800000, 0x0000000081800000, 0x0000000081900000|  0%| F|  |TAMS 0x0000000081800000, 0x0000000081800000| Untracked 
|   3|0x0000000081900000, 0x0000000081900000, 0x0000000081a00000|  0%| F|  |TAMS 0x0000000081900000, 0x0000000081900000| Untracked 
|   4|0x0000000081a00000, 0x0000000081a00000, 0x0000000081b00000|  0%| F|  |TAMS 0x0000000081a00000, 0x0000000081a00000| Untracked 
|   5|0x0000000081b00000, 0x0000000081b00000, 0x0000000081c00000|  0%| F|  |TAMS 0x0000000081b00000, 0x0000000081b00000| Untracked 
|   6|0x0000000081c00000, 0x0000000081c00000, 0x0000000081d00000|  0%| F|  |TAMS 0x0000000081c00000, 0x0000000081c00000| Untracked 
|   7|0x0000000081d00000, 0x0000000081d00000, 0x0000000081e00000|  0%| F|  |TAMS 0x0000000081d00000, 0x0000000081d00000| Untracked 
|   8|0x0000000081e00000, 0x0000000081e00000, 0x0000000081f00000|  0%| F|  |TAMS 0x0000000081e00000, 0x0000000081e00000| Untracked 
|   9|0x0000000081f00000, 0x0000000081f00000, 0x0000000082000000|  0%| F|  |TAMS 0x0000000081f00000, 0x0000000081f00000| Untracked 
|  10|0x0000000082000000, 0x0000000082000000, 0x0000000082100000|  0%| F|  |TAMS 0x0000000082000000, 0x0000000082000000| Untracked 
|  11|0x0000000082100000, 0x0000000082100000, 0x0000000082200000|  0%| F|  |TAMS 0x0000000082100000, 0x0000000082100000| Untracked 
|  12|0x0000000082200000, 0x0000000082200000, 0x0000000082300000|  0%| F|  |TAMS 0x0000000082200000, 0x0000000082200000| Untracked 
|  13|0x0000000082300000, 0x0000000082300000, 0x0000000082400000|  0%| F|  |TAMS 0x0000000082300000, 0x0000000082300000| Untracked 
|  14|0x0000000082400000, 0x0000000082400000, 0x0000000082500000|  0%| F|  |TAMS 0x0000000082400000, 0x0000000082400000| Untracked 
|  15|0x0000000082500000, 0x0000000082500000, 0x0000000082600000|  0%| F|  |TAMS 0x0000000082500000, 0x0000000082500000| Untracked 
|  16|0x0000000082600000, 0x0000000082600000, 0x0000000082700000|  0%| F|  |TAMS 0x0000000082600000, 0x0000000082600000| Untracked 
|  17|0x0000000082700000, 0x0000000082700000, 0x0000000082800000|  0%| F|  |TAMS 0x0000000082700000, 0x0000000082700000| Untracked 
|  18|0x0000000082800000, 0x0000000082800000, 0x0000000082900000|  0%| F|  |TAMS 0x0000000082800000, 0x0000000082800000| Untracked 
|  19|0x0000000082900000, 0x0000000082900000, 0x0000000082a00000|  0%| F|  |TAMS 0x0000000082900000, 0x0000000082900000| Untracked 
|  20|0x0000000082a00000, 0x0000000082a00000, 0x0000000082b00000|  0%| F|  |TAMS 0x0000000082a00000, 0x0000000082a00000| Untracked 
|  21|0x0000000082b00000, 0x0000000082b00000, 0x0000000082c00000|  0%| F|  |TAMS 0x0000000082b00000, 0x0000000082b00000| Untracked 
|  22|0x0000000082c00000, 0x0000000082c00000, 0x0000000082d00000|  0%| F|  |TAMS 0x0000000082c00000, 0x0000000082c00000| Untracked 
|  23|0x0000000082d00000, 0x0000000082d00000, 0x0000000082e00000|  0%| F|  |TAMS 0x0000000082d00000, 0x0000000082d00000| Untracked 
|  24|0x0000000082e00000, 0x0000000082e00000, 0x0000000082f00000|  0%| F|  |TAMS 0x0000000082e00000, 0x0000000082e00000| Untracked 
|  25|0x0000000082f00000, 0x0000000082f00000, 0x0000000083000000|  0%| F|  |TAMS 0x0000000082f00000, 0x0000000082f00000| Untracked 
|  26|0x0000000083000000, 0x0000000083000000, 0x0000000083100000|  0%| F|  |TAMS 0x0000000083000000, 0x0000000083000000| Untracked 
|  27|0x0000000083100000, 0x0000000083100000, 0x0000000083200000|  0%| F|  |TAMS 0x0000000083100000, 0x0000000083100000| Untracked 
|  28|0x0000000083200000, 0x0000000083200000, 0x0000000083300000|  0%| F|  |TAMS 0x0000000083200000, 0x0000000083200000| Untracked 
|  29|0x0000000083300000, 0x0000000083300000, 0x0000000083400000|  0%| F|  |TAMS 0x0000000083300000, 0x0000000083300000| Untracked 
|  30|0x0000000083400000, 0x0000000083400000, 0x0000000083500000|  0%| F|  |TAMS 0x0000000083400000, 0x0000000083400000| Untracked 
|  31|0x0000000083500000, 0x0000000083500000, 0x0000000083600000|  0%| F|  |TAMS 0x0000000083500000, 0x0000000083500000| Untracked 
|  32|0x0000000083600000, 0x0000000083600000, 0x0000000083700000|  0%| F|  |TAMS 0x0000000083600000, 0x0000000083600000| Untracked 
|  33|0x0000000083700000, 0x0000000083700000, 0x0000000083800000|  0%| F|  |TAMS 0x0000000083700000, 0x0000000083700000| Untracked 
|  34|0x0000000083800000, 0x0000000083800000, 0x0000000083900000|  0%| F|  |TAMS 0x0000000083800000, 0x0000000083800000| Untracked 
|  35|0x0000000083900000, 0x0000000083900000, 0x0000000083a00000|  0%| F|  |TAMS 0x0000000083900000, 0x0000000083900000| Untracked 
|  36|0x0000000083a00000, 0x0000000083a00000, 0x0000000083b00000|  0%| F|  |TAMS 0x0000000083a00000, 0x0000000083a00000| Untracked 
|  37|0x0000000083b00000, 0x0000000083b00000, 0x0000000083c00000|  0%| F|  |TAMS 0x0000000083b00000, 0x0000000083b00000| Untracked 
|  38|0x0000000083c00000, 0x0000000083c00000, 0x0000000083d00000|  0%| F|  |TAMS 0x0000000083c00000, 0x0000000083c00000| Untracked 
|  39|0x0000000083d00000, 0x0000000083d00000, 0x0000000083e00000|  0%| F|  |TAMS 0x0000000083d00000, 0x0000000083d00000| Untracked 
|  40|0x0000000083e00000, 0x0000000083e00000, 0x0000000083f00000|  0%| F|  |TAMS 0x0000000083e00000, 0x0000000083e00000| Untracked 
|  41|0x0000000083f00000, 0x0000000083f00000, 0x0000000084000000|  0%| F|  |TAMS 0x0000000083f00000, 0x0000000083f00000| Untracked 
|  42|0x0000000084000000, 0x0000000084000000, 0x0000000084100000|  0%| F|  |TAMS 0x0000000084000000, 0x0000000084000000| Untracked 
|  43|0x0000000084100000, 0x0000000084100000, 0x0000000084200000|  0%| F|  |TAMS 0x0000000084100000, 0x0000000084100000| Untracked 
|  44|0x0000000084200000, 0x0000000084200000, 0x0000000084300000|  0%| F|  |TAMS 0x0000000084200000, 0x0000000084200000| Untracked 
|  45|0x0000000084300000, 0x0000000084300000, 0x0000000084400000|  0%| F|  |TAMS 0x0000000084300000, 0x0000000084300000| Untracked 
|  46|0x0000000084400000, 0x0000000084400000, 0x0000000084500000|  0%| F|  |TAMS 0x0000000084400000, 0x0000000084400000| Untracked 
|  47|0x0000000084500000, 0x0000000084500000, 0x0000000084600000|  0%| F|  |TAMS 0x0000000084500000, 0x0000000084500000| Untracked 
|  48|0x0000000084600000, 0x0000000084600000, 0x0000000084700000|  0%| F|  |TAMS 0x0000000084600000, 0x0000000084600000| Untracked 
|  49|0x0000000084700000, 0x0000000084700000, 0x0000000084800000|  0%| F|  |TAMS 0x0000000084700000, 0x0000000084700000| Untracked 
|  50|0x0000000084800000, 0x0000000084800000, 0x0000000084900000|  0%| F|  |TAMS 0x0000000084800000, 0x0000000084800000| Untracked 
|  51|0x0000000084900000, 0x0000000084900000, 0x0000000084a00000|  0%| F|  |TAMS 0x0000000084900000, 0x0000000084900000| Untracked 
|  52|0x0000000084a00000, 0x0000000084a00000, 0x0000000084b00000|  0%| F|  |TAMS 0x0000000084a00000, 0x0000000084a00000| Untracked 
|  53|0x0000000084b00000, 0x0000000084b00000, 0x0000000084c00000|  0%| F|  |TAMS 0x0000000084b00000, 0x0000000084b00000| Untracked 
|  54|0x0000000084c00000, 0x0000000084c00000, 0x0000000084d00000|  0%| F|  |TAMS 0x0000000084c00000, 0x0000000084c00000| Untracked 
|  55|0x0000000084d00000, 0x0000000084d00000, 0x0000000084e00000|  0%| F|  |TAMS 0x0000000084d00000, 0x0000000084d00000| Untracked 
|  56|0x0000000084e00000, 0x0000000084e00000, 0x0000000084f00000|  0%| F|  |TAMS 0x0000000084e00000, 0x0000000084e00000| Untracked 
|  57|0x0000000084f00000, 0x0000000084f00000, 0x0000000085000000|  0%| F|  |TAMS 0x0000000084f00000, 0x0000000084f00000| Untracked 
|  58|0x0000000085000000, 0x0000000085000000, 0x0000000085100000|  0%| F|  |TAMS 0x0000000085000000, 0x0000000085000000| Untracked 
|  59|0x0000000085100000, 0x0000000085100000, 0x0000000085200000|  0%| F|  |TAMS 0x0000000085100000, 0x0000000085100000| Untracked 
|  60|0x0000000085200000, 0x0000000085200000, 0x0000000085300000|  0%| F|  |TAMS 0x0000000085200000, 0x0000000085200000| Untracked 
|  61|0x0000000085300000, 0x0000000085300000, 0x0000000085400000|  0%| F|  |TAMS 0x0000000085300000, 0x0000000085300000| Untracked 
|  62|0x0000000085400000, 0x0000000085400000, 0x0000000085500000|  0%| F|  |TAMS 0x0000000085400000, 0x0000000085400000| Untracked 
|  63|0x0000000085500000, 0x0000000085500000, 0x0000000085600000|  0%| F|  |TAMS 0x0000000085500000, 0x0000000085500000| Untracked 
|  64|0x0000000085600000, 0x0000000085600000, 0x0000000085700000|  0%| F|  |TAMS 0x0000000085600000, 0x0000000085600000| Untracked 
|  65|0x0000000085700000, 0x0000000085700000, 0x0000000085800000|  0%| F|  |TAMS 0x0000000085700000, 0x0000000085700000| Untracked 
|  66|0x0000000085800000, 0x0000000085800000, 0x0000000085900000|  0%| F|  |TAMS 0x0000000085800000, 0x0000000085800000| Untracked 
|  67|0x0000000085900000, 0x0000000085900000, 0x0000000085a00000|  0%| F|  |TAMS 0x0000000085900000, 0x0000000085900000| Untracked 
|  68|0x0000000085a00000, 0x0000000085a00000, 0x0000000085b00000|  0%| F|  |TAMS 0x0000000085a00000, 0x0000000085a00000| Untracked 
|  69|0x0000000085b00000, 0x0000000085b00000, 0x0000000085c00000|  0%| F|  |TAMS 0x0000000085b00000, 0x0000000085b00000| Untracked 
|  70|0x0000000085c00000, 0x0000000085c00000, 0x0000000085d00000|  0%| F|  |TAMS 0x0000000085c00000, 0x0000000085c00000| Untracked 
|  71|0x0000000085d00000, 0x0000000085d00000, 0x0000000085e00000|  0%| F|  |TAMS 0x0000000085d00000, 0x0000000085d00000| Untracked 
|  72|0x0000000085e00000, 0x0000000085e00000, 0x0000000085f00000|  0%| F|  |TAMS 0x0000000085e00000, 0x0000000085e00000| Untracked 
|  73|0x0000000085f00000, 0x0000000085f00000, 0x0000000086000000|  0%| F|  |TAMS 0x0000000085f00000, 0x0000000085f00000| Untracked 
|  74|0x0000000086000000, 0x0000000086000000, 0x0000000086100000|  0%| F|  |TAMS 0x0000000086000000, 0x0000000086000000| Untracked 
|  75|0x0000000086100000, 0x0000000086100000, 0x0000000086200000|  0%| F|  |TAMS 0x0000000086100000, 0x0000000086100000| Untracked 
|  76|0x0000000086200000, 0x0000000086200000, 0x0000000086300000|  0%| F|  |TAMS 0x0000000086200000, 0x0000000086200000| Untracked 
|  77|0x0000000086300000, 0x0000000086300000, 0x0000000086400000|  0%| F|  |TAMS 0x0000000086300000, 0x0000000086300000| Untracked 
|  78|0x0000000086400000, 0x0000000086400000, 0x0000000086500000|  0%| F|  |TAMS 0x0000000086400000, 0x0000000086400000| Untracked 
|  79|0x0000000086500000, 0x0000000086500000, 0x0000000086600000|  0%| F|  |TAMS 0x0000000086500000, 0x0000000086500000| Untracked 
|  80|0x0000000086600000, 0x0000000086600000, 0x0000000086700000|  0%| F|  |TAMS 0x0000000086600000, 0x0000000086600000| Untracked 
|  81|0x0000000086700000, 0x0000000086700000, 0x0000000086800000|  0%| F|  |TAMS 0x0000000086700000, 0x0000000086700000| Untracked 
|  82|0x0000000086800000, 0x0000000086800000, 0x0000000086900000|  0%| F|  |TAMS 0x0000000086800000, 0x0000000086800000| Untracked 
|  83|0x0000000086900000, 0x0000000086900000, 0x0000000086a00000|  0%| F|  |TAMS 0x0000000086900000, 0x0000000086900000| Untracked 
|  84|0x0000000086a00000, 0x0000000086a00000, 0x0000000086b00000|  0%| F|  |TAMS 0x0000000086a00000, 0x0000000086a00000| Untracked 
|  85|0x0000000086b00000, 0x0000000086b00000, 0x0000000086c00000|  0%| F|  |TAMS 0x0000000086b00000, 0x0000000086b00000| Untracked 
|  86|0x0000000086c00000, 0x0000000086c00000, 0x0000000086d00000|  0%| F|  |TAMS 0x0000000086c00000, 0x0000000086c00000| Untracked 
|  87|0x0000000086d00000, 0x0000000086d00000, 0x0000000086e00000|  0%| F|  |TAMS 0x0000000086d00000, 0x0000000086d00000| Untracked 
|  88|0x0000000086e00000, 0x0000000086e00000, 0x0000000086f00000|  0%| F|  |TAMS 0x0000000086e00000, 0x0000000086e00000| Untracked 
|  89|0x0000000086f00000, 0x0000000086f00000, 0x0000000087000000|  0%| F|  |TAMS 0x0000000086f00000, 0x0000000086f00000| Untracked 
|  90|0x0000000087000000, 0x0000000087000000, 0x0000000087100000|  0%| F|  |TAMS 0x0000000087000000, 0x0000000087000000| Untracked 
|  91|0x0000000087100000, 0x0000000087100000, 0x0000000087200000|  0%| F|  |TAMS 0x0000000087100000, 0x0000000087100000| Untracked 
|  92|0x0000000087200000, 0x0000000087200000, 0x0000000087300000|  0%| F|  |TAMS 0x0000000087200000, 0x0000000087200000| Untracked 
|  93|0x0000000087300000, 0x0000000087300000, 0x0000000087400000|  0%| F|  |TAMS 0x0000000087300000, 0x0000000087300000| Untracked 
|  94|0x0000000087400000, 0x0000000087400000, 0x0000000087500000|  0%| F|  |TAMS 0x0000000087400000, 0x0000000087400000| Untracked 
|  95|0x0000000087500000, 0x0000000087500000, 0x0000000087600000|  0%| F|  |TAMS 0x0000000087500000, 0x0000000087500000| Untracked 
|  96|0x0000000087600000, 0x0000000087600000, 0x0000000087700000|  0%| F|  |TAMS 0x0000000087600000, 0x0000000087600000| Untracked 
|  97|0x0000000087700000, 0x0000000087700000, 0x0000000087800000|  0%| F|  |TAMS 0x0000000087700000, 0x0000000087700000| Untracked 
|  98|0x0000000087800000, 0x0000000087800000, 0x0000000087900000|  0%| F|  |TAMS 0x0000000087800000, 0x0000000087800000| Untracked 
|  99|0x0000000087900000, 0x0000000087900000, 0x0000000087a00000|  0%| F|  |TAMS 0x0000000087900000, 0x0000000087900000| Untracked 
| 100|0x0000000087a00000, 0x0000000087a00000, 0x0000000087b00000|  0%| F|  |TAMS 0x0000000087a00000, 0x0000000087a00000| Untracked 
| 101|0x0000000087b00000, 0x0000000087b00000, 0x0000000087c00000|  0%| F|  |TAMS 0x0000000087b00000, 0x0000000087b00000| Untracked 
| 102|0x0000000087c00000, 0x0000000087c00000, 0x0000000087d00000|  0%| F|  |TAMS 0x0000000087c00000, 0x0000000087c00000| Untracked 
| 103|0x0000000087d00000, 0x0000000087d00000, 0x0000000087e00000|  0%| F|  |TAMS 0x0000000087d00000, 0x0000000087d00000| Untracked 
| 104|0x0000000087e00000, 0x0000000087e00000, 0x0000000087f00000|  0%| F|  |TAMS 0x0000000087e00000, 0x0000000087e00000| Untracked 
| 105|0x0000000087f00000, 0x0000000087f00000, 0x0000000088000000|  0%| F|  |TAMS 0x0000000087f00000, 0x0000000087f00000| Untracked 
| 106|0x0000000088000000, 0x0000000088000000, 0x0000000088100000|  0%| F|  |TAMS 0x0000000088000000, 0x0000000088000000| Untracked 
| 107|0x0000000088100000, 0x0000000088100000, 0x0000000088200000|  0%| F|  |TAMS 0x0000000088100000, 0x0000000088100000| Untracked 
| 108|0x0000000088200000, 0x0000000088200000, 0x0000000088300000|  0%| F|  |TAMS 0x0000000088200000, 0x0000000088200000| Untracked 
| 109|0x0000000088300000, 0x0000000088300000, 0x0000000088400000|  0%| F|  |TAMS 0x0000000088300000, 0x0000000088300000| Untracked 
| 110|0x0000000088400000, 0x0000000088400000, 0x0000000088500000|  0%| F|  |TAMS 0x0000000088400000, 0x0000000088400000| Untracked 
| 111|0x0000000088500000, 0x0000000088500000, 0x0000000088600000|  0%| F|  |TAMS 0x0000000088500000, 0x0000000088500000| Untracked 
| 112|0x0000000088600000, 0x0000000088600000, 0x0000000088700000|  0%| F|  |TAMS 0x0000000088600000, 0x0000000088600000| Untracked 
| 113|0x0000000088700000, 0x0000000088700000, 0x0000000088800000|  0%| F|  |TAMS 0x0000000088700000, 0x0000000088700000| Untracked 
| 114|0x0000000088800000, 0x0000000088800000, 0x0000000088900000|  0%| F|  |TAMS 0x0000000088800000, 0x0000000088800000| Untracked 
| 115|0x0000000088900000, 0x0000000088900000, 0x0000000088a00000|  0%| F|  |TAMS 0x0000000088900000, 0x0000000088900000| Untracked 
| 116|0x0000000088a00000, 0x0000000088a00000, 0x0000000088b00000|  0%| F|  |TAMS 0x0000000088a00000, 0x0000000088a00000| Untracked 
| 117|0x0000000088b00000, 0x0000000088b00000, 0x0000000088c00000|  0%| F|  |TAMS 0x0000000088b00000, 0x0000000088b00000| Untracked 
| 118|0x0000000088c00000, 0x0000000088c00000, 0x0000000088d00000|  0%| F|  |TAMS 0x0000000088c00000, 0x0000000088c00000| Untracked 
| 119|0x0000000088d00000, 0x0000000088d00000, 0x0000000088e00000|  0%| F|  |TAMS 0x0000000088d00000, 0x0000000088d00000| Untracked 
| 120|0x0000000088e00000, 0x0000000088e00000, 0x0000000088f00000|  0%| F|  |TAMS 0x0000000088e00000, 0x0000000088e00000| Untracked 
| 121|0x0000000088f00000, 0x0000000088f00000, 0x0000000089000000|  0%| F|  |TAMS 0x0000000088f00000, 0x0000000088f00000| Untracked 
| 122|0x0000000089000000, 0x0000000089000000, 0x0000000089100000|  0%| F|  |TAMS 0x0000000089000000, 0x0000000089000000| Untracked 
| 123|0x0000000089100000, 0x0000000089100000, 0x0000000089200000|  0%| F|  |TAMS 0x0000000089100000, 0x0000000089100000| Untracked 
| 124|0x0000000089200000, 0x00000000892fe430, 0x0000000089300000| 99%| S|CS|TAMS 0x0000000089200000, 0x0000000089200000| Complete 
| 125|0x0000000089300000, 0x0000000089300000, 0x0000000089400000|  0%| F|  |TAMS 0x0000000089300000, 0x0000000089300000| Untracked 
| 126|0x0000000089400000, 0x0000000089400000, 0x0000000089500000|  0%| F|  |TAMS 0x0000000089400000, 0x0000000089400000| Untracked 
| 127|0x0000000089500000, 0x0000000089500000, 0x0000000089600000|  0%| F|  |TAMS 0x0000000089500000, 0x0000000089500000| Untracked 

Card table byte_map: [0x000001d4f9dc0000,0x000001d4fa1c0000] _byte_map_base: 0x000001d4f99b5000

Marking Bits (Prev, Next): (CMBitMap*) 0x000001d4e2677608, (CMBitMap*) 0x000001d4e2677640
 Prev Bits: [0x000001d4fa5c0000, 0x000001d4fc568000)
 Next Bits: [0x000001d4fc570000, 0x000001d4fe518000)

Polling page: 0x000001d4e1e10000

Metaspace:

Usage:
  Non-class:      6.23 MB capacity,     6.18 MB (>99%) used,    52.61 KB ( <1%) free+waste,     3.88 KB ( <1%) overhead. 
      Class:    635.00 KB capacity,   624.80 KB ( 98%) used,     8.51 KB (  1%) free+waste,     1.69 KB ( <1%) overhead. 
       Both:      6.85 MB capacity,     6.79 MB (>99%) used,    61.12 KB ( <1%) free+waste,     5.56 KB ( <1%) overhead. 

Virtual space:
  Non-class space:       16.00 MB reserved,       6.25 MB ( 39%) committed 
      Class space:        1.00 GB reserved,     640.00 KB ( <1%) committed 
             Both:        1.02 GB reserved,       6.88 MB ( <1%) committed 

Chunk freelists:
   Non-Class:  2.13 KB
       Class:  640 bytes
        Both:  2.75 KB

CodeHeap 'non-profiled nmethods': size=120064Kb used=88Kb max_used=88Kb free=119975Kb
 bounds [0x000001d4f2480000, 0x000001d4f26f0000, 0x000001d4f99c0000]
CodeHeap 'profiled nmethods': size=120000Kb used=494Kb max_used=494Kb free=119505Kb
 bounds [0x000001d4eaf50000, 0x000001d4eb1c0000, 0x000001d4f2480000]
CodeHeap 'non-nmethods': size=5696Kb used=1054Kb max_used=1066Kb free=4641Kb
 bounds [0x000001d4ea9c0000, 0x000001d4eac30000, 0x000001d4eaf50000]
 total_blobs=749 nmethods=326 adapters=250
 compilation: enabled
              stopped_count=0, restarted_count=0
 full_count=0

Compilation events (10 events):
Event: 0.654 Thread 0x000001d4fea41000  321       3       java.lang.invoke.MethodType::checkPtype (19 bytes)
Event: 0.654 Thread 0x000001d4fea41000 nmethod 321 0x000001d4eafcac90 code [0x000001d4eafcae80, 0x000001d4eafcb280]
Event: 0.654 Thread 0x000001d4fea41000  322       3       java.lang.ref.Reference::<init> (7 bytes)
Event: 0.654 Thread 0x000001d4fea41000 nmethod 322 0x000001d4eafcb410 code [0x000001d4eafcb5e0, 0x000001d4eafcb8d8]
Event: 0.655 Thread 0x000001d4fea41000  324       1       java.util.concurrent.CopyOnWriteArrayList::setArray (6 bytes)
Event: 0.655 Thread 0x000001d4ff628000  326       4       java.lang.String::hashCode (49 bytes)
Event: 0.655 Thread 0x000001d4fea41000 nmethod 324 0x000001d4f2495710 code [0x000001d4f24958c0, 0x000001d4f2495a38]
Event: 0.655 Thread 0x000001d4fea41000  325       1       java.lang.module.ModuleDescriptor::provides (5 bytes)
Event: 0.655 Thread 0x000001d4fea41000 nmethod 325 0x000001d4f2495a90 code [0x000001d4f2495c40, 0x000001d4f2495d58]
Event: 0.662 Thread 0x000001d4ff628000 nmethod 326 0x000001d4f2495e10 code [0x000001d4f2495fa0, 0x000001d4f24961d8]

GC Heap History (2 events):
Event: 0.663 GC heap before
{Heap before GC invocations=0 (full 0):
 garbage-first heap   total 131072K, used 2048K [0x0000000081600000, 0x0000000100000000)
  region size 1024K, 3 young (3072K), 0 survivors (0K)
 Metaspace       used 6951K, capacity 7018K, committed 7040K, reserved 1062912K
  class space    used 624K, capacity 635K, committed 640K, reserved 1048576K
}
Event: 0.667 GC heap after
{Heap after GC invocations=1 (full 0):
 garbage-first heap   total 131072K, used 1017K [0x0000000081600000, 0x0000000100000000)
  region size 1024K, 1 young (1024K), 1 survivors (1024K)
 Metaspace       used 6951K, capacity 7018K, committed 7040K, reserved 1062912K
  class space    used 624K, capacity 635K, committed 640K, reserved 1048576K
}

Deoptimization events (2 events):
Event: 0.319 Thread 0x000001d4e2638000 Uncommon trap: reason=unstable_if action=reinterpret pc=0x000001d4f2485a80 method=java.lang.String.hashCode()I @ 14 c2
Event: 0.329 Thread 0x000001d4e2638000 Uncommon trap: reason=unstable_if action=reinterpret pc=0x000001d4f2481e10 method=java.lang.String.isLatin1()Z @ 10 c2

Classes redefined (0 events):
No events

Internal exceptions (0 events):
No events

Events (10 events):
Event: 0.661 loading class java/nio/DirectIntBufferRU
Event: 0.662 loading class java/nio/DirectIntBufferRU done
Event: 0.662 loading class jdk/internal/jimage/ImageStringsReader
Event: 0.662 loading class jdk/internal/jimage/ImageStrings
Event: 0.662 loading class jdk/internal/jimage/ImageStrings done
Event: 0.662 loading class jdk/internal/jimage/ImageStringsReader done
Event: 0.662 loading class jdk/internal/jimage/decompressor/Decompressor
Event: 0.662 loading class jdk/internal/jimage/decompressor/Decompressor done
Event: 0.662 loading class jdk/internal/jimage/ImageLocation
Event: 0.663 Executing VM operation: CollectForMetadataAllocation


Dynamic libraries:
0x00007ff6690c0000 - 0x00007ff669107000 	C:\Program Files\Java\jdk-11.0.6\bin\javaw.exe
0x00007ff904c40000 - 0x00007ff904e30000 	C:\WINDOWS\SYSTEM32\ntdll.dll
0x00007ff9046f0000 - 0x00007ff9047a2000 	C:\WINDOWS\System32\KERNEL32.DLL
0x00007ff901bf0000 - 0x00007ff901e95000 	C:\WINDOWS\System32\KERNELBASE.dll
0x00007ff903660000 - 0x00007ff903703000 	C:\WINDOWS\System32\ADVAPI32.dll
0x00007ff903ce0000 - 0x00007ff903d7e000 	C:\WINDOWS\System32\msvcrt.dll
0x00007ff904b60000 - 0x00007ff904bf7000 	C:\WINDOWS\System32\sechost.dll
0x00007ff904a40000 - 0x00007ff904b60000 	C:\WINDOWS\System32\RPCRT4.dll
0x00007ff9032d0000 - 0x00007ff903465000 	C:\WINDOWS\System32\USER32.dll
0x00007ff902af0000 - 0x00007ff902b11000 	C:\WINDOWS\System32\win32u.dll
0x00007ff9032a0000 - 0x00007ff9032c6000 	C:\WINDOWS\System32\GDI32.dll
0x00007ff902b20000 - 0x00007ff902cb6000 	C:\WINDOWS\System32\gdi32full.dll
0x00007ff9029f0000 - 0x00007ff902a8e000 	C:\WINDOWS\System32\msvcp_win.dll
0x00007ff901ff0000 - 0x00007ff9020ea000 	C:\WINDOWS\System32\ucrtbase.dll
0x00007ff8f92a0000 - 0x00007ff8f9524000 	C:\WINDOWS\WinSxS\amd64_microsoft.windows.common-controls_6595b64144ccf1df_6.0.18362.1082_none_9e8193e1e45b25c1\COMCTL32.dll
0x00007ff9039a0000 - 0x00007ff903cd5000 	C:\WINDOWS\System32\combase.dll
0x00007ff902140000 - 0x00007ff9021c0000 	C:\WINDOWS\System32\bcryptPrimitives.dll
0x00007ff8f9790000 - 0x00007ff8f979a000 	C:\WINDOWS\SYSTEM32\VERSION.dll
0x00007ff9035d0000 - 0x00007ff9035fe000 	C:\WINDOWS\System32\IMM32.DLL
0x00007ff8fd660000 - 0x00007ff8fd676000 	C:\Program Files\Java\jdk-11.0.6\bin\vcruntime140.dll
0x00007ff8f8bb0000 - 0x00007ff8f8c5a000 	C:\Program Files\Java\jdk-11.0.6\bin\msvcp140.dll
0x00007ff8a8280000 - 0x00007ff8a8da9000 	C:\Program Files\Java\jdk-11.0.6\bin\server\jvm.dll
0x00007ff9034f0000 - 0x00007ff9034f8000 	C:\WINDOWS\System32\PSAPI.DLL
0x00007ff8f9a00000 - 0x00007ff8f9a24000 	C:\WINDOWS\SYSTEM32\WINMM.dll
0x00007ff8fa400000 - 0x00007ff8fa409000 	C:\WINDOWS\SYSTEM32\WSOCK32.dll
0x00007ff8f99d0000 - 0x00007ff8f99fd000 	C:\WINDOWS\SYSTEM32\WINMMBASE.dll
0x00007ff903d80000 - 0x00007ff903def000 	C:\WINDOWS\System32\WS2_32.dll
0x00007ff9020f0000 - 0x00007ff90213a000 	C:\WINDOWS\System32\cfgmgr32.dll
0x00007ff901b60000 - 0x00007ff901b71000 	C:\WINDOWS\System32\kernel.appcore.dll
0x00007ff8eb180000 - 0x00007ff8eb191000 	C:\Program Files\Java\jdk-11.0.6\bin\verify.dll
0x00007ff8fc870000 - 0x00007ff8fca64000 	C:\WINDOWS\SYSTEM32\DBGHELP.DLL
0x00007ff8fc5c0000 - 0x00007ff8fc5ea000 	C:\WINDOWS\SYSTEM32\dbgcore.DLL
0x00007ff8e8440000 - 0x00007ff8e8469000 	C:\Program Files\Java\jdk-11.0.6\bin\java.dll
0x00007ff8e8f10000 - 0x00007ff8e8f26000 	C:\Program Files\Java\jdk-11.0.6\bin\zip.dll
0x00007ff8f8d40000 - 0x00007ff8f8d4a000 	C:\Program Files\Java\jdk-11.0.6\bin\jimage.dll
0x00007ff903df0000 - 0x00007ff9044d7000 	C:\WINDOWS\System32\SHELL32.dll
0x00007ff903500000 - 0x00007ff9035a9000 	C:\WINDOWS\System32\shcore.dll
0x00007ff9021c0000 - 0x00007ff902940000 	C:\WINDOWS\System32\windows.storage.dll
0x00007ff901b80000 - 0x00007ff901ba3000 	C:\WINDOWS\System32\profapi.dll
0x00007ff901b10000 - 0x00007ff901b5a000 	C:\WINDOWS\System32\powrprof.dll
0x00007ff901b00000 - 0x00007ff901b10000 	C:\WINDOWS\System32\UMPDC.dll
0x00007ff9038d0000 - 0x00007ff903922000 	C:\WINDOWS\System32\shlwapi.dll
0x00007ff901bd0000 - 0x00007ff901be7000 	C:\WINDOWS\System32\cryptsp.dll
0x00007ff8e8420000 - 0x00007ff8e8439000 	C:\Program Files\Java\jdk-11.0.6\bin\net.dll
0x00007ff8f8d50000 - 0x00007ff8f8e40000 	C:\WINDOWS\SYSTEM32\WINHTTP.dll
0x00007ff901300000 - 0x00007ff901367000 	C:\WINDOWS\system32\mswsock.dll
0x00007ff8df100000 - 0x00007ff8df113000 	C:\Program Files\Java\jdk-11.0.6\bin\nio.dll

dbghelp: loaded successfully - version: 4.0.5 - missing functions: none
symbol engine: initialized successfully - sym options: 0x614 - pdb path: .;C:\Program Files\Java\jdk-11.0.6\bin;C:\WINDOWS\SYSTEM32;C:\WINDOWS\WinSxS\amd64_microsoft.windows.common-controls_6595b64144ccf1df_6.0.18362.1082_none_9e8193e1e45b25c1;C:\Program Files\Java\jdk-11.0.6\bin\server

VM Arguments:
jvm_args: -ea -Dapplication.properties=/application.properties -Dfile.encoding=Cp1252 
java_command: org.testng.remote.RemoteTestNG -serport 56087 -protocol json -d C:\dev\eclipse-workspace\selenium-automation-dmitry\test-output C:\dev\eclipse-workspace\selenium-automation-dmitry\src\test\resources\testng.xml
java_class_path (initial): C:\tools\java-2019-12\eclipse\configuration\org.eclipse.osgi\487\0\.cp\lib\testng-remote.jar;C:\dev\eclipse-workspace\selenium-automation-dmitry\target\test-classes;C:\dev\eclipse-workspace\selenium-automation-dmitry\target\classes;C:\Users\WeRUs\.m2\repository\javax\inject\javax.inject\1\javax.inject-1.jar;C:\Users\WeRUs\.m2\repository\org\testng\testng\7.1.0\testng-7.1.0.jar;C:\Users\WeRUs\.m2\repository\com\beust\jcommander\1.72\jcommander-1.72.jar;C:\Users\WeRUs\.m2\repository\com\google\inject\guice\4.1.0\guice-4.1.0-no_aop.jar;C:\Users\WeRUs\.m2\repository\aopalliance\aopalliance\1.0\aopalliance-1.0.jar;C:\Users\WeRUs\.m2\repository\com\google\guava\guava\25.0-jre\guava-25.0-jre.jar;C:\Users\WeRUs\.m2\repository\org\yaml\snakeyaml\1.21\snakeyaml-1.21.jar;C:\Users\WeRUs\.m2\repository\ru\stqa\selenium\webdriver-factory\4.3\webdriver-factory-4.3.jar;C:\Users\WeRUs\.m2\repository\org\hamcrest\java-hamcrest\2.0.0.0\java-hamcrest-2.0.0.0.jar;C:\Users\WeRUs\.m2\repository\org\seleniumhq\selenium\selenium-java\3.141.59\selenium-java-3.141.59.jar;C:\Users\WeRUs\.m2\repository\org\seleniumhq\selenium\selenium-api\3.141.59\selenium-api-3.141.59.jar;C:\Users\WeRUs\.m2\repository\org\seleniumhq\selenium\selenium-chrome-driver\3.141.59\selenium-chrome-driver-3.141.59.jar;C:\Users\WeRUs\.m2\repository\org\seleniumhq\selenium\selenium-remote-driver\3.141.59\selenium-remote-driver-3.141.59.jar;C:\Users\WeRUs\.m2\repository\net\bytebuddy\byte-buddy\1.8.15\byte-buddy-1.8.15.jar;C:\Users\WeRUs\.m2\repository\org\apache\commons\commons-exec\1.3\commons-exec-1.3.jar;C:\Users\WeRUs\.m2\repository\com\squareup\okhttp3\okhttp\3.11.0\okhttp-3.11.0.jar;C:\Users\WeRUs\.m2\repository\com\squareup\okio\okio\1.14.0\okio-1.14.0.jar;C:\Users\WeRUs\.m2\repository\org\seleniumhq\selenium\selenium-edge-driver\3.141.59\selenium-edge-driver-3.141.59.jar;C:\Users\WeRUs\.m2\repository\org\seleniumhq\selenium\selenium-firefox-driver\3.141.59\selenium-firefox-driver-3.141
Launcher Type: SUN_STANDARD

[Global flags]
     intx CICompilerCount                          = 3                                         {product} {ergonomic}
     uint ConcGCThreads                            = 1                                         {product} {ergonomic}
     uint G1ConcRefinementThreads                  = 4                                         {product} {ergonomic}
   size_t G1HeapRegionSize                         = 1048576                                   {product} {ergonomic}
    uintx GCDrainStackTargetSize                   = 64                                        {product} {ergonomic}
   size_t InitialHeapSize                          = 134217728                                 {product} {ergonomic}
   size_t MarkStackSize                            = 4194304                                   {product} {ergonomic}
   size_t MaxHeapSize                              = 2124414976                                {product} {ergonomic}
   size_t MaxNewSize                               = 1274019840                                {product} {ergonomic}
   size_t MinHeapDeltaBytes                        = 1048576                                   {product} {ergonomic}
    uintx NonNMethodCodeHeapSize                   = 5830732                                {pd product} {ergonomic}
    uintx NonProfiledCodeHeapSize                  = 122913754                              {pd product} {ergonomic}
    uintx ProfiledCodeHeapSize                     = 122913754                              {pd product} {ergonomic}
    uintx ReservedCodeCacheSize                    = 251658240                              {pd product} {ergonomic}
     bool SegmentedCodeCache                       = true                                      {product} {ergonomic}
     bool UseCompressedClassPointers               = true                                 {lp64_product} {ergonomic}
     bool UseCompressedOops                        = true                                 {lp64_product} {ergonomic}
     bool UseG1GC                                  = true                                      {product} {ergonomic}
     bool UseLargePagesIndividualAllocation        = false                                  {pd product} {ergonomic}

Logging:
Log output configuration:
 #0: stdout all=warning uptime,level,tags
 #1: stderr all=off uptime,level,tags

Environment Variables:
JAVA_HOME=C:\Program Files\Java\jdk-11.0.6
PATH=C:/Program Files/Java/jdk-11.0.6/bin/server;C:/Program Files/Java/jdk-11.0.6/bin;C:\WINDOWS\system32;C:\WINDOWS;C:\WINDOWS\System32\Wbem;C:\WINDOWS\System32\WindowsPowerShell\v1.0\;C:\WINDOWS\System32\OpenSSH\;C:\Program Files\Java\jdk-11.0.6\bin;C:\tools\maven\bin;C:\Program Files\nodejs\;C:\ProgramData\chocolatey\bin;C:\Program Files\Git\cmd;C:\Users\WeRUs\AppData\Local\Microsoft\WindowsApps;C:\Users\WeRUs\AppData\Roaming\npm;C:\Program Files\JetBrains\IntelliJ IDEA Community Edition 2019.3.3\bin;;C:\Program Files\JetBrains\PyCharm Community Edition 2019.3.4\bin;;C:\Users\WeRUs\AppData\Local\Programs\Microsoft VS Code\bin;C:\Program Files\heroku\bin;C:\WINDOWS\system32;
USERNAME=WeRUs
OS=Windows_NT
PROCESSOR_IDENTIFIER=Intel64 Family 6 Model 69 Stepping 1, GenuineIntel



---------------  S Y S T E M  ---------------

OS: Windows 10 , 64 bit Build 18362 (10.0.18362.1082)

CPU:total 4 (initial active 4) (2 cores per cpu, 2 threads per core) family 6 model 69 stepping 1, cmov, cx8, fxsr, mmx, sse, sse2, sse3, ssse3, sse4.1, sse4.2, popcnt, avx, avx2, aes, clmul, erms, lzcnt, ht, tsc, tscinvbit, bmi1, bmi2, fma

Memory: 4k page, system-wide physical 8097M (1433M free)
TotalPageFile size 32673M (AvailPageFile size 5M)
current process WorkingSet (physical memory assigned to process): 39M, peak: 39M
current process commit charge ("private bytes"): 199M, peak: 200M

vm_info: Java HotSpot(TM) 64-Bit Server VM (11.0.6+8-LTS) for windows-amd64 JRE (11.0.6+8-LTS), built on Dec 11 2019 09:17:57 by "mach5one" with MS VC++ 15.5 (VS2017)

END.
